[12-Nov-2016 10:35:19 UTC] PHP Parse error:  syntax error, unexpected '=' in /home/ubuntu/workspace/cakePHPcourse/course/src/Controller/QuestionsController.php on line 21
[12-Nov-2016 10:35:19 UTC] PHP Stack trace:
[12-Nov-2016 10:35:19 UTC] PHP   1. {main}() /home/ubuntu/workspace/cakePHPcourse/course/webroot/index.php:0
[12-Nov-2016 10:35:19 UTC] PHP   2. Cake\Http\Server->run() /home/ubuntu/workspace/cakePHPcourse/course/webroot/index.php:37
[12-Nov-2016 10:35:19 UTC] PHP   3. Cake\Http\Runner->run() /home/ubuntu/workspace/cakePHPcourse/course/vendor/cakephp/cakephp/src/Http/Server.php:92
[12-Nov-2016 10:35:19 UTC] PHP   4. Cake\Http\Runner->__invoke() /home/ubuntu/workspace/cakePHPcourse/course/vendor/cakephp/cakephp/src/Http/Runner.php:51
[12-Nov-2016 10:35:19 UTC] PHP   5. Cake\Error\Middleware\ErrorHandlerMiddleware->__invoke() /home/ubuntu/workspace/cakePHPcourse/course/vendor/cakephp/cakephp/src/Http/Runner.php:65
[12-Nov-2016 10:35:19 UTC] PHP   6. Cake\Http\Runner->__invoke() /home/ubuntu/workspace/cakePHPcourse/course/vendor/cakephp/cakephp/src/Error/Middleware/ErrorHandlerMiddleware.php:81
[12-Nov-2016 10:35:19 UTC] PHP   7. Cake\Routing\Middleware\AssetMiddleware->__invoke() /home/ubuntu/workspace/cakePHPcourse/course/vendor/cakephp/cakephp/src/Http/Runner.php:65
[12-Nov-2016 10:35:19 UTC] PHP   8. Cake\Http\Runner->__invoke() /home/ubuntu/workspace/cakePHPcourse/course/vendor/cakephp/cakephp/src/Routing/Middleware/AssetMiddleware.php:88
[12-Nov-2016 10:35:19 UTC] PHP   9. Cake\Routing\Middleware\RoutingMiddleware->__invoke() /home/ubuntu/workspace/cakePHPcourse/course/vendor/cakephp/cakephp/src/Http/Runner.php:65
[12-Nov-2016 10:35:19 UTC] PHP  10. Cake\Http\Runner->__invoke() /home/ubuntu/workspace/cakePHPcourse/course/vendor/cakephp/cakephp/src/Routing/Middleware/RoutingMiddleware.php:62
[12-Nov-2016 10:35:19 UTC] PHP  11. Cake\Http\BaseApplication->__invoke() /home/ubuntu/workspace/cakePHPcourse/course/vendor/cakephp/cakephp/src/Http/Runner.php:65
[12-Nov-2016 10:35:19 UTC] PHP  12. Cake\Http\ActionDispatcher->dispatch() /home/ubuntu/workspace/cakePHPcourse/course/vendor/cakephp/cakephp/src/Http/BaseApplication.php:83
[12-Nov-2016 10:35:19 UTC] PHP  13. Cake\Http\ControllerFactory->create() /home/ubuntu/workspace/cakePHPcourse/course/vendor/cakephp/cakephp/src/Http/ActionDispatcher.php:93
[12-Nov-2016 10:35:19 UTC] PHP  14. Cake\Core\App::className() /home/ubuntu/workspace/cakePHPcourse/course/vendor/cakephp/cakephp/src/Http/ControllerFactory.php:70
[12-Nov-2016 10:35:19 UTC] PHP  15. Cake\Core\App::_classExistsInBase() /home/ubuntu/workspace/cakePHPcourse/course/vendor/cakephp/cakephp/src/Core/App.php:64
[12-Nov-2016 10:35:19 UTC] PHP  16. class_exists() /home/ubuntu/workspace/cakePHPcourse/course/vendor/cakephp/cakephp/src/Core/App.php:152
[12-Nov-2016 10:35:19 UTC] PHP  17. spl_autoload_call() /home/ubuntu/workspace/cakePHPcourse/course/vendor/cakephp/cakephp/src/Core/App.php:152
[12-Nov-2016 10:35:19 UTC] PHP  18. Composer\Autoload\ClassLoader->loadClass() /home/ubuntu/workspace/cakePHPcourse/course/vendor/cakephp/cakephp/src/Core/App.php:152
[12-Nov-2016 10:35:19 UTC] PHP  19. Composer\Autoload\includeFile() /home/ubuntu/workspace/cakePHPcourse/course/vendor/composer/ClassLoader.php:301
[12-Nov-2016 13:02:58 UTC] PHP Parse error:  syntax error, unexpected '}' in /home/ubuntu/workspace/cakePHPcourse/course/src/Controller/QuestionsController.php on line 16
[12-Nov-2016 13:02:58 UTC] PHP Stack trace:
[12-Nov-2016 13:02:58 UTC] PHP   1. {main}() /home/ubuntu/workspace/cakePHPcourse/course/webroot/index.php:0
[12-Nov-2016 13:02:58 UTC] PHP   2. Cake\Http\Server->run() /home/ubuntu/workspace/cakePHPcourse/course/webroot/index.php:37
[12-Nov-2016 13:02:58 UTC] PHP   3. Cake\Http\Runner->run() /home/ubuntu/workspace/cakePHPcourse/course/vendor/cakephp/cakephp/src/Http/Server.php:92
[12-Nov-2016 13:02:58 UTC] PHP   4. Cake\Http\Runner->__invoke() /home/ubuntu/workspace/cakePHPcourse/course/vendor/cakephp/cakephp/src/Http/Runner.php:51
[12-Nov-2016 13:02:58 UTC] PHP   5. Cake\Error\Middleware\ErrorHandlerMiddleware->__invoke() /home/ubuntu/workspace/cakePHPcourse/course/vendor/cakephp/cakephp/src/Http/Runner.php:65
[12-Nov-2016 13:02:58 UTC] PHP   6. Cake\Http\Runner->__invoke() /home/ubuntu/workspace/cakePHPcourse/course/vendor/cakephp/cakephp/src/Error/Middleware/ErrorHandlerMiddleware.php:81
[12-Nov-2016 13:02:58 UTC] PHP   7. Cake\Routing\Middleware\AssetMiddleware->__invoke() /home/ubuntu/workspace/cakePHPcourse/course/vendor/cakephp/cakephp/src/Http/Runner.php:65
[12-Nov-2016 13:02:58 UTC] PHP   8. Cake\Http\Runner->__invoke() /home/ubuntu/workspace/cakePHPcourse/course/vendor/cakephp/cakephp/src/Routing/Middleware/AssetMiddleware.php:88
[12-Nov-2016 13:02:58 UTC] PHP   9. Cake\Routing\Middleware\RoutingMiddleware->__invoke() /home/ubuntu/workspace/cakePHPcourse/course/vendor/cakephp/cakephp/src/Http/Runner.php:65
[12-Nov-2016 13:02:58 UTC] PHP  10. Cake\Http\Runner->__invoke() /home/ubuntu/workspace/cakePHPcourse/course/vendor/cakephp/cakephp/src/Routing/Middleware/RoutingMiddleware.php:62
[12-Nov-2016 13:02:58 UTC] PHP  11. Cake\Http\BaseApplication->__invoke() /home/ubuntu/workspace/cakePHPcourse/course/vendor/cakephp/cakephp/src/Http/Runner.php:65
[12-Nov-2016 13:02:58 UTC] PHP  12. Cake\Http\ActionDispatcher->dispatch() /home/ubuntu/workspace/cakePHPcourse/course/vendor/cakephp/cakephp/src/Http/BaseApplication.php:83
[12-Nov-2016 13:02:58 UTC] PHP  13. Cake\Http\ControllerFactory->create() /home/ubuntu/workspace/cakePHPcourse/course/vendor/cakephp/cakephp/src/Http/ActionDispatcher.php:93
[12-Nov-2016 13:02:58 UTC] PHP  14. Cake\Core\App::className() /home/ubuntu/workspace/cakePHPcourse/course/vendor/cakephp/cakephp/src/Http/ControllerFactory.php:70
[12-Nov-2016 13:02:58 UTC] PHP  15. Cake\Core\App::_classExistsInBase() /home/ubuntu/workspace/cakePHPcourse/course/vendor/cakephp/cakephp/src/Core/App.php:64
[12-Nov-2016 13:02:58 UTC] PHP  16. class_exists() /home/ubuntu/workspace/cakePHPcourse/course/vendor/cakephp/cakephp/src/Core/App.php:152
[12-Nov-2016 13:02:58 UTC] PHP  17. spl_autoload_call() /home/ubuntu/workspace/cakePHPcourse/course/vendor/cakephp/cakephp/src/Core/App.php:152
[12-Nov-2016 13:02:58 UTC] PHP  18. Composer\Autoload\ClassLoader->loadClass() /home/ubuntu/workspace/cakePHPcourse/course/vendor/cakephp/cakephp/src/Core/App.php:152
[12-Nov-2016 13:02:58 UTC] PHP  19. Composer\Autoload\includeFile() /home/ubuntu/workspace/cakePHPcourse/course/vendor/composer/ClassLoader.php:301
[12-Nov-2016 13:09:34 UTC] PHP Fatal error:  Call to a member function find() on a non-object in /home/ubuntu/workspace/cakePHPcourse/course/src/Controller/QuestionsController.php on line 15
[12-Nov-2016 13:09:34 UTC] PHP Stack trace:
[12-Nov-2016 13:09:34 UTC] PHP   1. {main}() /home/ubuntu/workspace/cakePHPcourse/course/webroot/index.php:0
[12-Nov-2016 13:09:34 UTC] PHP   2. Cake\Http\Server->run() /home/ubuntu/workspace/cakePHPcourse/course/webroot/index.php:37
[12-Nov-2016 13:09:34 UTC] PHP   3. Cake\Http\Runner->run() /home/ubuntu/workspace/cakePHPcourse/course/vendor/cakephp/cakephp/src/Http/Server.php:92
[12-Nov-2016 13:09:34 UTC] PHP   4. Cake\Http\Runner->__invoke() /home/ubuntu/workspace/cakePHPcourse/course/vendor/cakephp/cakephp/src/Http/Runner.php:51
[12-Nov-2016 13:09:34 UTC] PHP   5. Cake\Error\Middleware\ErrorHandlerMiddleware->__invoke() /home/ubuntu/workspace/cakePHPcourse/course/vendor/cakephp/cakephp/src/Http/Runner.php:65
[12-Nov-2016 13:09:34 UTC] PHP   6. Cake\Http\Runner->__invoke() /home/ubuntu/workspace/cakePHPcourse/course/vendor/cakephp/cakephp/src/Error/Middleware/ErrorHandlerMiddleware.php:81
[12-Nov-2016 13:09:34 UTC] PHP   7. Cake\Routing\Middleware\AssetMiddleware->__invoke() /home/ubuntu/workspace/cakePHPcourse/course/vendor/cakephp/cakephp/src/Http/Runner.php:65
[12-Nov-2016 13:09:34 UTC] PHP   8. Cake\Http\Runner->__invoke() /home/ubuntu/workspace/cakePHPcourse/course/vendor/cakephp/cakephp/src/Routing/Middleware/AssetMiddleware.php:88
[12-Nov-2016 13:09:34 UTC] PHP   9. Cake\Routing\Middleware\RoutingMiddleware->__invoke() /home/ubuntu/workspace/cakePHPcourse/course/vendor/cakephp/cakephp/src/Http/Runner.php:65
[12-Nov-2016 13:09:34 UTC] PHP  10. Cake\Http\Runner->__invoke() /home/ubuntu/workspace/cakePHPcourse/course/vendor/cakephp/cakephp/src/Routing/Middleware/RoutingMiddleware.php:62
[12-Nov-2016 13:09:34 UTC] PHP  11. Cake\Http\BaseApplication->__invoke() /home/ubuntu/workspace/cakePHPcourse/course/vendor/cakephp/cakephp/src/Http/Runner.php:65
[12-Nov-2016 13:09:34 UTC] PHP  12. Cake\Http\ActionDispatcher->dispatch() /home/ubuntu/workspace/cakePHPcourse/course/vendor/cakephp/cakephp/src/Http/BaseApplication.php:83
[12-Nov-2016 13:09:34 UTC] PHP  13. Cake\Http\ActionDispatcher->_invoke() /home/ubuntu/workspace/cakePHPcourse/course/vendor/cakephp/cakephp/src/Http/ActionDispatcher.php:96
[12-Nov-2016 13:09:34 UTC] PHP  14. Cake\Controller\Controller->invokeAction() /home/ubuntu/workspace/cakePHPcourse/course/vendor/cakephp/cakephp/src/Http/ActionDispatcher.php:122
[12-Nov-2016 13:09:34 UTC] PHP  15. call_user_func_array:{/home/ubuntu/workspace/cakePHPcourse/course/vendor/cakephp/cakephp/src/Controller/Controller.php:435}() /home/ubuntu/workspace/cakePHPcourse/course/vendor/cakephp/cakephp/src/Controller/Controller.php:435
[12-Nov-2016 13:09:34 UTC] PHP  16. App\Controller\QuestionsController->lastest() /home/ubuntu/workspace/cakePHPcourse/course/vendor/cakephp/cakephp/src/Controller/Controller.php:435
[12-Nov-2016 13:44:32 UTC] PHP Parse error:  syntax error, unexpected '$this' (T_VARIABLE) in /home/ubuntu/workspace/cakePHPcourse/course/src/Controller/AnswersController.php on line 21
[12-Nov-2016 13:44:32 UTC] PHP Stack trace:
[12-Nov-2016 13:44:32 UTC] PHP   1. {main}() /home/ubuntu/workspace/cakePHPcourse/course/webroot/index.php:0
[12-Nov-2016 13:44:32 UTC] PHP   2. Cake\Http\Server->run() /home/ubuntu/workspace/cakePHPcourse/course/webroot/index.php:37
[12-Nov-2016 13:44:32 UTC] PHP   3. Cake\Http\Runner->run() /home/ubuntu/workspace/cakePHPcourse/course/vendor/cakephp/cakephp/src/Http/Server.php:92
[12-Nov-2016 13:44:32 UTC] PHP   4. Cake\Http\Runner->__invoke() /home/ubuntu/workspace/cakePHPcourse/course/vendor/cakephp/cakephp/src/Http/Runner.php:51
[12-Nov-2016 13:44:32 UTC] PHP   5. Cake\Error\Middleware\ErrorHandlerMiddleware->__invoke() /home/ubuntu/workspace/cakePHPcourse/course/vendor/cakephp/cakephp/src/Http/Runner.php:65
[12-Nov-2016 13:44:32 UTC] PHP   6. Cake\Http\Runner->__invoke() /home/ubuntu/workspace/cakePHPcourse/course/vendor/cakephp/cakephp/src/Error/Middleware/ErrorHandlerMiddleware.php:81
[12-Nov-2016 13:44:32 UTC] PHP   7. Cake\Routing\Middleware\AssetMiddleware->__invoke() /home/ubuntu/workspace/cakePHPcourse/course/vendor/cakephp/cakephp/src/Http/Runner.php:65
[12-Nov-2016 13:44:32 UTC] PHP   8. Cake\Http\Runner->__invoke() /home/ubuntu/workspace/cakePHPcourse/course/vendor/cakephp/cakephp/src/Routing/Middleware/AssetMiddleware.php:88
[12-Nov-2016 13:44:32 UTC] PHP   9. Cake\Routing\Middleware\RoutingMiddleware->__invoke() /home/ubuntu/workspace/cakePHPcourse/course/vendor/cakephp/cakephp/src/Http/Runner.php:65
[12-Nov-2016 13:44:32 UTC] PHP  10. Cake\Http\Runner->__invoke() /home/ubuntu/workspace/cakePHPcourse/course/vendor/cakephp/cakephp/src/Routing/Middleware/RoutingMiddleware.php:62
[12-Nov-2016 13:44:32 UTC] PHP  11. Cake\Http\BaseApplication->__invoke() /home/ubuntu/workspace/cakePHPcourse/course/vendor/cakephp/cakephp/src/Http/Runner.php:65
[12-Nov-2016 13:44:32 UTC] PHP  12. Cake\Http\ActionDispatcher->dispatch() /home/ubuntu/workspace/cakePHPcourse/course/vendor/cakephp/cakephp/src/Http/BaseApplication.php:83
[12-Nov-2016 13:44:32 UTC] PHP  13. Cake\Http\ControllerFactory->create() /home/ubuntu/workspace/cakePHPcourse/course/vendor/cakephp/cakephp/src/Http/ActionDispatcher.php:93
[12-Nov-2016 13:44:32 UTC] PHP  14. Cake\Core\App::className() /home/ubuntu/workspace/cakePHPcourse/course/vendor/cakephp/cakephp/src/Http/ControllerFactory.php:70
[12-Nov-2016 13:44:32 UTC] PHP  15. Cake\Core\App::_classExistsInBase() /home/ubuntu/workspace/cakePHPcourse/course/vendor/cakephp/cakephp/src/Core/App.php:64
[12-Nov-2016 13:44:32 UTC] PHP  16. class_exists() /home/ubuntu/workspace/cakePHPcourse/course/vendor/cakephp/cakephp/src/Core/App.php:152
[12-Nov-2016 13:44:32 UTC] PHP  17. spl_autoload_call() /home/ubuntu/workspace/cakePHPcourse/course/vendor/cakephp/cakephp/src/Core/App.php:152
[12-Nov-2016 13:44:32 UTC] PHP  18. Composer\Autoload\ClassLoader->loadClass() /home/ubuntu/workspace/cakePHPcourse/course/vendor/cakephp/cakephp/src/Core/App.php:152
[12-Nov-2016 13:44:32 UTC] PHP  19. Composer\Autoload\includeFile() /home/ubuntu/workspace/cakePHPcourse/course/vendor/composer/ClassLoader.php:301
[12-Nov-2016 13:46:36 UTC] PHP Fatal error:  Call to a member function nice() on a non-object in /home/ubuntu/workspace/cakePHPcourse/course/src/Template/Answers/logs.ctp on line 12
[12-Nov-2016 13:46:36 UTC] PHP Stack trace:
[12-Nov-2016 13:46:36 UTC] PHP   1. {main}() /home/ubuntu/workspace/cakePHPcourse/course/webroot/index.php:0
[12-Nov-2016 13:46:36 UTC] PHP   2. Cake\Http\Server->run() /home/ubuntu/workspace/cakePHPcourse/course/webroot/index.php:37
[12-Nov-2016 13:46:36 UTC] PHP   3. Cake\Http\Runner->run() /home/ubuntu/workspace/cakePHPcourse/course/vendor/cakephp/cakephp/src/Http/Server.php:92
[12-Nov-2016 13:46:36 UTC] PHP   4. Cake\Http\Runner->__invoke() /home/ubuntu/workspace/cakePHPcourse/course/vendor/cakephp/cakephp/src/Http/Runner.php:51
[12-Nov-2016 13:46:36 UTC] PHP   5. Cake\Error\Middleware\ErrorHandlerMiddleware->__invoke() /home/ubuntu/workspace/cakePHPcourse/course/vendor/cakephp/cakephp/src/Http/Runner.php:65
[12-Nov-2016 13:46:36 UTC] PHP   6. Cake\Http\Runner->__invoke() /home/ubuntu/workspace/cakePHPcourse/course/vendor/cakephp/cakephp/src/Error/Middleware/ErrorHandlerMiddleware.php:81
[12-Nov-2016 13:46:36 UTC] PHP   7. Cake\Routing\Middleware\AssetMiddleware->__invoke() /home/ubuntu/workspace/cakePHPcourse/course/vendor/cakephp/cakephp/src/Http/Runner.php:65
[12-Nov-2016 13:46:36 UTC] PHP   8. Cake\Http\Runner->__invoke() /home/ubuntu/workspace/cakePHPcourse/course/vendor/cakephp/cakephp/src/Routing/Middleware/AssetMiddleware.php:88
[12-Nov-2016 13:46:36 UTC] PHP   9. Cake\Routing\Middleware\RoutingMiddleware->__invoke() /home/ubuntu/workspace/cakePHPcourse/course/vendor/cakephp/cakephp/src/Http/Runner.php:65
[12-Nov-2016 13:46:36 UTC] PHP  10. Cake\Http\Runner->__invoke() /home/ubuntu/workspace/cakePHPcourse/course/vendor/cakephp/cakephp/src/Routing/Middleware/RoutingMiddleware.php:62
[12-Nov-2016 13:46:36 UTC] PHP  11. Cake\Http\BaseApplication->__invoke() /home/ubuntu/workspace/cakePHPcourse/course/vendor/cakephp/cakephp/src/Http/Runner.php:65
[12-Nov-2016 13:46:36 UTC] PHP  12. Cake\Http\ActionDispatcher->dispatch() /home/ubuntu/workspace/cakePHPcourse/course/vendor/cakephp/cakephp/src/Http/BaseApplication.php:83
[12-Nov-2016 13:46:36 UTC] PHP  13. Cake\Http\ActionDispatcher->_invoke() /home/ubuntu/workspace/cakePHPcourse/course/vendor/cakephp/cakephp/src/Http/ActionDispatcher.php:96
[12-Nov-2016 13:46:36 UTC] PHP  14. Cake\Controller\Controller->render() /home/ubuntu/workspace/cakePHPcourse/course/vendor/cakephp/cakephp/src/Http/ActionDispatcher.php:128
[12-Nov-2016 13:46:36 UTC] PHP  15. Cake\View\View->render() /home/ubuntu/workspace/cakePHPcourse/course/vendor/cakephp/cakephp/src/Controller/Controller.php:617
[12-Nov-2016 13:46:36 UTC] PHP  16. Cake\View\View->_render() /home/ubuntu/workspace/cakePHPcourse/course/vendor/cakephp/cakephp/src/View/View.php:597
[12-Nov-2016 13:46:36 UTC] PHP  17. Cake\View\View->_evaluate() /home/ubuntu/workspace/cakePHPcourse/course/vendor/cakephp/cakephp/src/View/View.php:973
[12-Nov-2016 13:46:36 UTC] PHP  18. include() /home/ubuntu/workspace/cakePHPcourse/course/vendor/cakephp/cakephp/src/View/View.php:1014
